# JRE version: OpenJDK Runtime Environment (11.0.11+9) (build 11.0.11+9-b60-7590822)
# Java VM: OpenJDK 64-Bit Server VM (11.0.11+9-b60-7590822, mixed mode, tiered, compressed oops, g1 gc, windows-amd64)
Heap:
 garbage-first heap   total 324608K, used 196386K [0x0000000080000000, 0x0000000100000000)
  region size 1024K, 38 young (38912K), 2 survivors (2048K)
 Metaspace       used 112795K, capacity 115634K, committed 115964K, reserved 1150976K
  class space    used 14245K, capacity 15337K, committed 15488K, reserved 1048576K
GC Heap History (20 events):
Event: 35.146 GC heap before
{Heap before GC invocations=46 (full 0):
 garbage-first heap   total 270336K, used 203328K [0x0000000080000000, 0x0000000100000000)
  region size 1024K, 67 young (68608K), 2 survivors (2048K)
 Metaspace       used 112272K, capacity 115061K, committed 115708K, reserved 1148928K
  class space    used 14209K, capacity 15285K, committed 15488K, reserved 1048576K
}
Event: 35.167 GC heap after
{Heap after GC invocations=47 (full 0):
 garbage-first heap   total 270336K, used 147354K [0x0000000080000000, 0x0000000100000000)
  region size 1024K, 9 young (9216K), 9 survivors (9216K)
 Metaspace       used 112272K, capacity 115061K, committed 115708K, reserved 1148928K
  class space    used 14209K, capacity 15285K, committed 15488K, reserved 1048576K
}
Event: 35.709 GC heap before
{Heap before GC invocations=48 (full 0):
 garbage-first heap   total 270336K, used 208794K [0x0000000080000000, 0x0000000100000000)
  region size 1024K, 70 young (71680K), 9 survivors (9216K)
 Metaspace       used 112433K, capacity 115181K, committed 115708K, reserved 1148928K
  class space    used 14222K, capacity 15299K, committed 15488K, reserved 1048576K
}
Event: 35.722 GC heap after
{Heap after GC invocations=49 (full 0):
 garbage-first heap   total 270336K, used 150141K [0x0000000080000000, 0x0000000100000000)
  region size 1024K, 3 young (3072K), 3 survivors (3072K)
 Metaspace       used 112433K, capacity 115181K, committed 115708K, reserved 1148928K
  class space    used 14222K, capacity 15299K, committed 15488K, reserved 1048576K
}
Event: 35.922 GC heap before
{Heap before GC invocations=49 (full 0):
 garbage-first heap   total 270336K, used 211581K [0x0000000080000000, 0x0000000100000000)
  region size 1024K, 64 young (65536K), 3 survivors (3072K)
 Metaspace       used 112462K, capacity 115251K, committed 115708K, reserved 1148928K
  class space    used 14223K, capacity 15300K, committed 15488K, reserved 1048576K
}
Event: 35.930 GC heap after
{Heap after GC invocations=50 (full 0):
 garbage-first heap   total 270336K, used 155283K [0x0000000080000000, 0x0000000100000000)
  region size 1024K, 8 young (8192K), 8 survivors (8192K)
 Metaspace       used 112462K, capacity 115251K, committed 115708K, reserved 1148928K
  class space    used 14223K, capacity 15300K, committed 15488K, reserved 1048576K
}
Event: 36.081 GC heap before
{Heap before GC invocations=50 (full 0):
 garbage-first heap   total 270336K, used 215699K [0x0000000080000000, 0x0000000100000000)
  region size 1024K, 68 young (69632K), 8 survivors (8192K)
 Metaspace       used 112507K, capacity 115256K, committed 115708K, reserved 1148928K
  class space    used 14223K, capacity 15301K, committed 15488K, reserved 1048576K
}
Event: 36.091 GC heap after
{Heap after GC invocations=51 (full 0):
 garbage-first heap   total 270336K, used 158075K [0x0000000080000000, 0x0000000100000000)
  region size 1024K, 4 young (4096K), 4 survivors (4096K)
 Metaspace       used 112507K, capacity 115256K, committed 115708K, reserved 1148928K
  class space    used 14223K, capacity 15301K, committed 15488K, reserved 1048576K
}
Event: 36.303 GC heap before
{Heap before GC invocations=51 (full 0):
 garbage-first heap   total 270336K, used 220539K [0x0000000080000000, 0x0000000100000000)
  region size 1024K, 65 young (66560K), 4 survivors (4096K)
 Metaspace       used 112531K, capacity 115320K, committed 115708K, reserved 1148928K
  class space    used 14223K, capacity 15301K, committed 15488K, reserved 1048576K
}
Event: 36.311 GC heap after
{Heap after GC invocations=52 (full 0):
 garbage-first heap   total 270336K, used 159491K [0x0000000080000000, 0x0000000100000000)
  region size 1024K, 6 young (6144K), 6 survivors (6144K)
 Metaspace       used 112531K, capacity 115320K, committed 115708K, reserved 1148928K
  class space    used 14223K, capacity 15301K, committed 15488K, reserved 1048576K
}
Event: 36.534 GC heap before
{Heap before GC invocations=52 (full 0):
 garbage-first heap   total 270336K, used 221955K [0x0000000080000000, 0x0000000100000000)
  region size 1024K, 67 young (68608K), 6 survivors (6144K)
 Metaspace       used 112659K, capacity 115422K, committed 115964K, reserved 1150976K
  class space    used 14244K, capacity 15335K, committed 15488K, reserved 1048576K
}
Event: 36.550 GC heap after
{Heap after GC invocations=53 (full 0):
 garbage-first heap   total 270336K, used 159932K [0x0000000080000000, 0x0000000100000000)
  region size 1024K, 3 young (3072K), 3 survivors (3072K)
 Metaspace       used 112659K, capacity 115422K, committed 115964K, reserved 1150976K
  class space    used 14244K, capacity 15335K, committed 15488K, reserved 1048576K
}
Event: 36.883 GC heap before
{Heap before GC invocations=53 (full 0):
 garbage-first heap   total 270336K, used 223420K [0x0000000080000000, 0x0000000100000000)
  region size 1024K, 66 young (67584K), 3 survivors (3072K)
 Metaspace       used 112675K, capacity 115550K, committed 115964K, reserved 1150976K
  class space    used 14244K, capacity 15335K, committed 15488K, reserved 1048576K
}
Event: 36.890 GC heap after
{Heap after GC invocations=54 (full 0):
 garbage-first heap   total 270336K, used 162066K [0x0000000080000000, 0x0000000100000000)
  region size 1024K, 5 young (5120K), 5 survivors (5120K)
 Metaspace       used 112675K, capacity 115550K, committed 115964K, reserved 1150976K
  class space    used 14244K, capacity 15335K, committed 15488K, reserved 1048576K
}
Event: 37.292 GC heap before
{Heap before GC invocations=55 (full 0):
 garbage-first heap   total 270336K, used 226578K [0x0000000080000000, 0x0000000100000000)
  region size 1024K, 68 young (69632K), 5 survivors (5120K)
 Metaspace       used 112706K, capacity 115553K, committed 115964K, reserved 1150976K
  class space    used 14244K, capacity 15335K, committed 15488K, reserved 1048576K
}
Event: 37.302 GC heap after
{Heap after GC invocations=56 (full 0):
 garbage-first heap   total 270336K, used 162492K [0x0000000080000000, 0x0000000100000000)
  region size 1024K, 6 young (6144K), 6 survivors (6144K)
 Metaspace       used 112706K, capacity 115553K, committed 115964K, reserved 1150976K
  class space    used 14244K, capacity 15335K, committed 15488K, reserved 1048576K
}
Event: 37.351 GC heap before
{Heap before GC invocations=56 (full 0):
 garbage-first heap   total 270336K, used 169660K [0x0000000080000000, 0x0000000100000000)
  region size 1024K, 13 young (13312K), 6 survivors (6144K)
 Metaspace       used 112739K, capacity 115559K, committed 115964K, reserved 1150976K
  class space    used 14244K, capacity 15335K, committed 15488K, reserved 1048576K
}
Event: 37.361 GC heap after
{Heap after GC invocations=57 (full 0):
 garbage-first heap   total 324608K, used 160246K [0x0000000080000000, 0x0000000100000000)
  region size 1024K, 2 young (2048K), 2 survivors (2048K)
 Metaspace       used 112739K, capacity 115559K, committed 115964K, reserved 1150976K
  class space    used 14244K, capacity 15335K, committed 15488K, reserved 1048576K
}
Event: 37.792 GC heap before
{Heap before GC invocations=57 (full 0):
 garbage-first heap   total 324608K, used 249334K [0x0000000080000000, 0x0000000100000000)
  region size 1024K, 89 young (91136K), 2 survivors (2048K)
 Metaspace       used 112778K, capacity 115633K, committed 115964K, reserved 1150976K
  class space    used 14245K, capacity 15337K, committed 15488K, reserved 1048576K
}
Event: 37.801 GC heap after
{Heap after GC invocations=58 (full 0):
 garbage-first heap   total 324608K, used 160546K [0x0000000080000000, 0x0000000100000000)
  region size 1024K, 2 young (2048K), 2 survivors (2048K)
 Metaspace       used 112778K, capacity 115633K, committed 115964K, reserved 1150976K
  class space    used 14245K, capacity 15337K, committed 15488K, reserved 1048576K
}

