# JRE version: OpenJDK Runtime Environment (11.0.11+9) (build 11.0.11+9-b60-7590822)
# Java VM: OpenJDK 64-Bit Server VM (11.0.11+9-b60-7590822, mixed mode, tiered, compressed oops, g1 gc, windows-amd64)
Heap:
 garbage-first heap   total 478208K, used 153996K [0x0000000080000000, 0x0000000100000000)
  region size 1024K, 6 young (6144K), 6 survivors (6144K)
 Metaspace       used 100642K, capacity 103403K, committed 103664K, reserved 1138688K
  class space    used 13121K, capacity 14220K, committed 14284K, reserved 1048576K
GC Heap History (20 events):
Event: 18.386 GC heap before
{Heap before GC invocations=24 (full 0):
 garbage-first heap   total 225280K, used 166120K [0x0000000080000000, 0x0000000100000000)
  region size 1024K, 65 young (66560K), 7 survivors (7168K)
 Metaspace       used 92832K, capacity 95195K, committed 95600K, reserved 1132544K
  class space    used 12113K, capacity 13014K, committed 13132K, reserved 1048576K
}
Event: 18.415 GC heap after
{Heap after GC invocations=25 (full 0):
 garbage-first heap   total 225280K, used 118982K [0x0000000080000000, 0x0000000100000000)
  region size 1024K, 9 young (9216K), 9 survivors (9216K)
 Metaspace       used 92832K, capacity 95195K, committed 95600K, reserved 1132544K
  class space    used 12113K, capacity 13014K, committed 13132K, reserved 1048576K
}
Event: 18.871 GC heap before
{Heap before GC invocations=25 (full 0):
 garbage-first heap   total 225280K, used 173254K [0x0000000080000000, 0x0000000100000000)
  region size 1024K, 62 young (63488K), 9 survivors (9216K)
 Metaspace       used 93442K, capacity 95815K, committed 96240K, reserved 1132544K
  class space    used 12230K, capacity 13151K, committed 13260K, reserved 1048576K
}
Event: 18.953 GC heap after
{Heap after GC invocations=26 (full 0):
 garbage-first heap   total 225280K, used 129024K [0x0000000080000000, 0x0000000100000000)
  region size 1024K, 8 young (8192K), 8 survivors (8192K)
 Metaspace       used 93442K, capacity 95815K, committed 96240K, reserved 1132544K
  class space    used 12230K, capacity 13151K, committed 13260K, reserved 1048576K
}
Event: 20.326 GC heap before
{Heap before GC invocations=27 (full 0):
 garbage-first heap   total 225280K, used 179200K [0x0000000080000000, 0x0000000100000000)
  region size 1024K, 57 young (58368K), 8 survivors (8192K)
 Metaspace       used 95783K, capacity 98181K, committed 98672K, reserved 1134592K
  class space    used 12610K, capacity 13521K, committed 13644K, reserved 1048576K
}
Event: 20.361 GC heap after
{Heap after GC invocations=28 (full 0):
 garbage-first heap   total 225280K, used 138192K [0x0000000080000000, 0x0000000100000000)
  region size 1024K, 8 young (8192K), 8 survivors (8192K)
 Metaspace       used 95783K, capacity 98181K, committed 98672K, reserved 1134592K
  class space    used 12610K, capacity 13521K, committed 13644K, reserved 1048576K
}
Event: 20.651 GC heap before
{Heap before GC invocations=28 (full 0):
 garbage-first heap   total 225280K, used 183248K [0x0000000080000000, 0x0000000100000000)
  region size 1024K, 52 young (53248K), 8 survivors (8192K)
 Metaspace       used 96852K, capacity 99291K, committed 99568K, reserved 1134592K
  class space    used 12767K, capacity 13693K, committed 13772K, reserved 1048576K
}
Event: 20.683 GC heap after
{Heap after GC invocations=29 (full 0):
 garbage-first heap   total 364544K, used 143099K [0x0000000080000000, 0x0000000100000000)
  region size 1024K, 5 young (5120K), 5 survivors (5120K)
 Metaspace       used 96852K, capacity 99291K, committed 99568K, reserved 1134592K
  class space    used 12767K, capacity 13693K, committed 13772K, reserved 1048576K
}
Event: 21.700 GC heap before
{Heap before GC invocations=30 (full 0):
 garbage-first heap   total 364544K, used 231163K [0x0000000080000000, 0x0000000100000000)
  region size 1024K, 91 young (93184K), 5 survivors (5120K)
 Metaspace       used 98264K, capacity 100830K, committed 100976K, reserved 1136640K
  class space    used 12894K, capacity 13880K, committed 13900K, reserved 1048576K
}
Event: 21.735 GC heap after
{Heap after GC invocations=31 (full 0):
 garbage-first heap   total 364544K, used 148480K [0x0000000080000000, 0x0000000100000000)
  region size 1024K, 10 young (10240K), 10 survivors (10240K)
 Metaspace       used 98264K, capacity 100830K, committed 100976K, reserved 1136640K
  class space    used 12894K, capacity 13880K, committed 13900K, reserved 1048576K
}
Event: 22.479 GC heap before
{Heap before GC invocations=31 (full 0):
 garbage-first heap   total 364544K, used 251904K [0x0000000080000000, 0x0000000100000000)
  region size 1024K, 111 young (113664K), 10 survivors (10240K)
 Metaspace       used 99079K, capacity 101691K, committed 101872K, reserved 1136640K
  class space    used 12975K, capacity 13994K, committed 14028K, reserved 1048576K
}
Event: 22.497 GC heap after
{Heap after GC invocations=32 (full 0):
 garbage-first heap   total 364544K, used 149908K [0x0000000080000000, 0x0000000100000000)
  region size 1024K, 8 young (8192K), 8 survivors (8192K)
 Metaspace       used 99079K, capacity 101691K, committed 101872K, reserved 1136640K
  class space    used 12975K, capacity 13994K, committed 14028K, reserved 1048576K
}
Event: 23.007 GC heap before
{Heap before GC invocations=32 (full 0):
 garbage-first heap   total 364544K, used 260500K [0x0000000080000000, 0x0000000100000000)
  region size 1024K, 116 young (118784K), 8 survivors (8192K)
 Metaspace       used 100226K, capacity 103018K, committed 103152K, reserved 1138688K
  class space    used 13117K, capacity 14213K, committed 14284K, reserved 1048576K
}
Event: 23.021 GC heap after
{Heap after GC invocations=33 (full 0):
 garbage-first heap   total 364544K, used 150666K [0x0000000080000000, 0x0000000100000000)
  region size 1024K, 9 young (9216K), 9 survivors (9216K)
 Metaspace       used 100226K, capacity 103018K, committed 103152K, reserved 1138688K
  class space    used 13117K, capacity 14213K, committed 14284K, reserved 1048576K
}
Event: 23.320 GC heap before
{Heap before GC invocations=33 (full 0):
 garbage-first heap   total 364544K, used 270474K [0x0000000080000000, 0x0000000100000000)
  region size 1024K, 127 young (130048K), 9 survivors (9216K)
 Metaspace       used 100316K, capacity 103090K, committed 103408K, reserved 1138688K
  class space    used 13118K, capacity 14214K, committed 14284K, reserved 1048576K
}
Event: 23.334 GC heap after
{Heap after GC invocations=34 (full 0):
 garbage-first heap   total 364544K, used 152285K [0x0000000080000000, 0x0000000100000000)
  region size 1024K, 10 young (10240K), 10 survivors (10240K)
 Metaspace       used 100316K, capacity 103090K, committed 103408K, reserved 1138688K
  class space    used 13118K, capacity 14214K, committed 14284K, reserved 1048576K
}
Event: 23.734 GC heap before
{Heap before GC invocations=34 (full 0):
 garbage-first heap   total 364544K, used 291549K [0x0000000080000000, 0x0000000100000000)
  region size 1024K, 147 young (150528K), 10 survivors (10240K)
 Metaspace       used 100533K, capacity 103316K, committed 103408K, reserved 1138688K
  class space    used 13118K, capacity 14214K, committed 14284K, reserved 1048576K
}
Event: 23.754 GC heap after
{Heap after GC invocations=35 (full 0):
 garbage-first heap   total 364544K, used 153360K [0x0000000080000000, 0x0000000100000000)
  region size 1024K, 11 young (11264K), 11 survivors (11264K)
 Metaspace       used 100533K, capacity 103316K, committed 103408K, reserved 1138688K
  class space    used 13118K, capacity 14214K, committed 14284K, reserved 1048576K
}
Event: 24.052 GC heap before
{Heap before GC invocations=35 (full 0):
 garbage-first heap   total 364544K, used 293648K [0x0000000080000000, 0x0000000100000000)
  region size 1024K, 148 young (151552K), 11 survivors (11264K)
 Metaspace       used 100591K, capacity 103336K, committed 103408K, reserved 1138688K
  class space    used 13121K, capacity 14220K, committed 14284K, reserved 1048576K
}
Event: 24.097 GC heap after
{Heap after GC invocations=36 (full 0):
 garbage-first heap   total 364544K, used 154615K [0x0000000080000000, 0x0000000100000000)
  region size 1024K, 7 young (7168K), 7 survivors (7168K)
 Metaspace       used 100591K, capacity 103336K, committed 103408K, reserved 1138688K
  class space    used 13121K, capacity 14220K, committed 14284K, reserved 1048576K
}

