# JRE version: OpenJDK Runtime Environment (11.0.11+9) (build 11.0.11+9-b60-7590822)
# Java VM: OpenJDK 64-Bit Server VM (11.0.11+9-b60-7590822, mixed mode, tiered, compressed oops, g1 gc, windows-amd64)
Heap:
 garbage-first heap   total 349184K, used 147915K [0x0000000080000000, 0x0000000100000000)
  region size 1024K, 6 young (6144K), 6 survivors (6144K)
 Metaspace       used 105479K, capacity 108026K, committed 108284K, reserved 1142784K
  class space    used 13399K, capacity 14418K, committed 14464K, reserved 1048576K
GC Heap History (20 events):
Event: 25.901 GC heap after
{Heap after GC invocations=44 (full 0):
 garbage-first heap   total 187392K, used 92970K [0x0000000080000000, 0x0000000100000000)
  region size 1024K, 6 young (6144K), 6 survivors (6144K)
 Metaspace       used 94677K, capacity 96791K, committed 97148K, reserved 1134592K
  class space    used 11853K, capacity 12675K, committed 12800K, reserved 1048576K
}
Event: 26.374 GC heap before
{Heap before GC invocations=45 (full 0):
 garbage-first heap   total 187392K, used 140074K [0x0000000080000000, 0x0000000100000000)
  region size 1024K, 52 young (53248K), 6 survivors (6144K)
 Metaspace       used 97905K, capacity 100027K, committed 100476K, reserved 1136640K
  class space    used 12277K, capacity 13092K, committed 13312K, reserved 1048576K
}
Event: 26.383 GC heap after
{Heap after GC invocations=46 (full 0):
 garbage-first heap   total 187392K, used 95013K [0x0000000080000000, 0x0000000100000000)
  region size 1024K, 6 young (6144K), 6 survivors (6144K)
 Metaspace       used 97905K, capacity 100027K, committed 100476K, reserved 1136640K
  class space    used 12277K, capacity 13092K, committed 13312K, reserved 1048576K
}
Event: 26.434 GC heap before
{Heap before GC invocations=46 (full 0):
 garbage-first heap   total 187392K, used 97061K [0x0000000080000000, 0x0000000100000000)
  region size 1024K, 9 young (9216K), 6 survivors (6144K)
 Metaspace       used 97997K, capacity 100091K, committed 100476K, reserved 1136640K
  class space    used 12277K, capacity 13092K, committed 13312K, reserved 1048576K
}
Event: 26.441 GC heap after
{Heap after GC invocations=47 (full 0):
 garbage-first heap   total 187392K, used 92548K [0x0000000080000000, 0x0000000100000000)
  region size 1024K, 2 young (2048K), 2 survivors (2048K)
 Metaspace       used 97997K, capacity 100091K, committed 100476K, reserved 1136640K
  class space    used 12277K, capacity 13092K, committed 13312K, reserved 1048576K
}
Event: 26.811 GC heap before
{Heap before GC invocations=47 (full 0):
 garbage-first heap   total 187392K, used 139652K [0x0000000080000000, 0x0000000100000000)
  region size 1024K, 49 young (50176K), 2 survivors (2048K)
 Metaspace       used 98358K, capacity 100514K, committed 100732K, reserved 1136640K
  class space    used 12322K, capacity 13139K, committed 13312K, reserved 1048576K
}
Event: 26.817 GC heap after
{Heap after GC invocations=48 (full 0):
 garbage-first heap   total 187392K, used 94542K [0x0000000080000000, 0x0000000100000000)
  region size 1024K, 4 young (4096K), 4 survivors (4096K)
 Metaspace       used 98358K, capacity 100514K, committed 100732K, reserved 1136640K
  class space    used 12322K, capacity 13139K, committed 13312K, reserved 1048576K
}
Event: 27.120 GC heap before
{Heap before GC invocations=49 (full 0):
 garbage-first heap   total 187392K, used 144718K [0x0000000080000000, 0x0000000100000000)
  region size 1024K, 52 young (53248K), 4 survivors (4096K)
 Metaspace       used 99871K, capacity 102109K, committed 102396K, reserved 1138688K
  class space    used 12529K, capacity 13370K, committed 13440K, reserved 1048576K
}
Event: 27.134 GC heap after
{Heap after GC invocations=50 (full 0):
 garbage-first heap   total 187392K, used 106856K [0x0000000080000000, 0x0000000100000000)
  region size 1024K, 7 young (7168K), 7 survivors (7168K)
 Metaspace       used 99871K, capacity 102109K, committed 102396K, reserved 1138688K
  class space    used 12529K, capacity 13370K, committed 13440K, reserved 1048576K
}
Event: 27.142 GC heap before
{Heap before GC invocations=50 (full 0):
 garbage-first heap   total 187392K, used 107879K [0x0000000080000000, 0x0000000100000000)
  region size 1024K, 9 young (9216K), 7 survivors (7168K)
 Metaspace       used 99907K, capacity 102109K, committed 102396K, reserved 1138688K
  class space    used 12535K, capacity 13370K, committed 13440K, reserved 1048576K
}
Event: 27.151 GC heap after
{Heap after GC invocations=51 (full 0):
 garbage-first heap   total 187392K, used 100593K [0x0000000080000000, 0x0000000100000000)
  region size 1024K, 2 young (2048K), 2 survivors (2048K)
 Metaspace       used 99907K, capacity 102109K, committed 102396K, reserved 1138688K
  class space    used 12535K, capacity 13370K, committed 13440K, reserved 1048576K
}
Event: 27.945 GC heap before
{Heap before GC invocations=51 (full 0):
 garbage-first heap   total 187392K, used 143601K [0x0000000080000000, 0x0000000100000000)
  region size 1024K, 45 young (46080K), 2 survivors (2048K)
 Metaspace       used 102269K, capacity 104596K, committed 104828K, reserved 1140736K
  class space    used 12872K, capacity 13761K, committed 13824K, reserved 1048576K
}
Event: 28.001 GC heap after
{Heap after GC invocations=52 (full 0):
 garbage-first heap   total 225280K, used 109974K [0x0000000080000000, 0x0000000100000000)
  region size 1024K, 6 young (6144K), 6 survivors (6144K)
 Metaspace       used 102269K, capacity 104596K, committed 104828K, reserved 1140736K
  class space    used 12872K, capacity 13761K, committed 13824K, reserved 1048576K
}
Event: 29.380 GC heap before
{Heap before GC invocations=53 (full 0):
 garbage-first heap   total 225280K, used 167318K [0x0000000080000000, 0x0000000100000000)
  region size 1024K, 62 young (63488K), 6 survivors (6144K)
 Metaspace       used 102307K, capacity 104603K, committed 104828K, reserved 1140736K
  class space    used 12867K, capacity 13741K, committed 13824K, reserved 1048576K
}
Event: 29.406 GC heap after
{Heap after GC invocations=54 (full 0):
 garbage-first heap   total 225280K, used 121510K [0x0000000080000000, 0x0000000100000000)
  region size 1024K, 8 young (8192K), 8 survivors (8192K)
 Metaspace       used 102307K, capacity 104603K, committed 104828K, reserved 1140736K
  class space    used 12867K, capacity 13741K, committed 13824K, reserved 1048576K
}
Event: 30.407 GC heap before
{Heap before GC invocations=54 (full 0):
 garbage-first heap   total 225280K, used 172710K [0x0000000080000000, 0x0000000100000000)
  region size 1024K, 59 young (60416K), 8 survivors (8192K)
 Metaspace       used 104926K, capacity 107468K, committed 107644K, reserved 1142784K
  class space    used 13294K, capacity 14300K, committed 14336K, reserved 1048576K
}
Event: 30.430 GC heap after
{Heap after GC invocations=55 (full 0):
 garbage-first heap   total 225280K, used 131256K [0x0000000080000000, 0x0000000100000000)
  region size 1024K, 8 young (8192K), 8 survivors (8192K)
 Metaspace       used 104926K, capacity 107468K, committed 107644K, reserved 1142784K
  class space    used 13294K, capacity 14300K, committed 14336K, reserved 1048576K
}
Event: 30.740 GC heap before
{Heap before GC invocations=55 (full 0):
 garbage-first heap   total 225280K, used 178360K [0x0000000080000000, 0x0000000100000000)
  region size 1024K, 54 young (55296K), 8 survivors (8192K)
 Metaspace       used 105150K, capacity 107702K, committed 107900K, reserved 1142784K
  class space    used 13328K, capacity 14332K, committed 14336K, reserved 1048576K
}
Event: 30.765 GC heap after
{Heap after GC invocations=56 (full 0):
 garbage-first heap   total 225280K, used 140709K [0x0000000080000000, 0x0000000100000000)
  region size 1024K, 7 young (7168K), 7 survivors (7168K)
 Metaspace       used 105150K, capacity 107702K, committed 107900K, reserved 1142784K
  class space    used 13328K, capacity 14332K, committed 14336K, reserved 1048576K
}
Event: 30.985 GC heap before
{Heap before GC invocations=56 (full 0):
 garbage-first heap   total 225280K, used 181669K [0x0000000080000000, 0x0000000100000000)
  region size 1024K, 47 young (48128K), 7 survivors (7168K)
 Metaspace       used 105479K, capacity 108026K, committed 108284K, reserved 1142784K
  class space    used 13399K, capacity 14418K, committed 14464K, reserved 1048576K
}

