# JRE version: OpenJDK Runtime Environment (11.0.11+9) (build 11.0.11+9-b60-7590822)
# Java VM: OpenJDK 64-Bit Server VM (11.0.11+9-b60-7590822, mixed mode, tiered, compressed oops, g1 gc, windows-amd64)
Heap:
 garbage-first heap   total 322560K, used 146062K [0x0000000080000000, 0x0000000100000000)
  region size 1024K, 2 young (2048K), 2 survivors (2048K)
 Metaspace       used 106517K, capacity 108957K, committed 109308K, reserved 1144832K
  class space    used 13437K, capacity 14380K, committed 14464K, reserved 1048576K
GC Heap History (20 events):
Event: 27.397 GC heap after
{Heap after GC invocations=30 (full 0):
 garbage-first heap   total 225280K, used 105679K [0x0000000080000000, 0x0000000100000000)
  region size 1024K, 6 young (6144K), 6 survivors (6144K)
 Metaspace       used 95034K, capacity 97198K, committed 97404K, reserved 1134592K
  class space    used 11882K, capacity 12665K, committed 12800K, reserved 1048576K
}
Event: 29.329 GC heap before
{Heap before GC invocations=30 (full 0):
 garbage-first heap   total 225280K, used 173263K [0x0000000080000000, 0x0000000100000000)
  region size 1024K, 73 young (74752K), 6 survivors (6144K)
 Metaspace       used 98871K, capacity 101055K, committed 101116K, reserved 1136640K
  class space    used 12355K, capacity 13158K, committed 13184K, reserved 1048576K
}
Event: 29.341 GC heap after
{Heap after GC invocations=31 (full 0):
 garbage-first heap   total 225280K, used 108308K [0x0000000080000000, 0x0000000100000000)
  region size 1024K, 3 young (3072K), 3 survivors (3072K)
 Metaspace       used 98871K, capacity 101055K, committed 101116K, reserved 1136640K
  class space    used 12355K, capacity 13158K, committed 13184K, reserved 1048576K
}
Event: 30.966 GC heap before
{Heap before GC invocations=31 (full 0):
 garbage-first heap   total 225280K, used 176916K [0x0000000080000000, 0x0000000100000000)
  region size 1024K, 71 young (72704K), 3 survivors (3072K)
 Metaspace       used 99957K, capacity 102204K, committed 102396K, reserved 1138688K
  class space    used 12488K, capacity 13313K, committed 13440K, reserved 1048576K
}
Event: 30.980 GC heap after
{Heap after GC invocations=32 (full 0):
 garbage-first heap   total 225280K, used 112211K [0x0000000080000000, 0x0000000100000000)
  region size 1024K, 7 young (7168K), 7 survivors (7168K)
 Metaspace       used 99957K, capacity 102204K, committed 102396K, reserved 1138688K
  class space    used 12488K, capacity 13313K, committed 13440K, reserved 1048576K
}
Event: 31.798 GC heap before
{Heap before GC invocations=33 (full 0):
 garbage-first heap   total 225280K, used 172627K [0x0000000080000000, 0x0000000100000000)
  region size 1024K, 74 young (75776K), 7 survivors (7168K)
 Metaspace       used 101316K, capacity 103556K, committed 103804K, reserved 1140736K
  class space    used 12671K, capacity 13485K, committed 13568K, reserved 1048576K
}
Event: 31.822 GC heap after
{Heap after GC invocations=34 (full 0):
 garbage-first heap   total 225280K, used 120110K [0x0000000080000000, 0x0000000100000000)
  region size 1024K, 10 young (10240K), 10 survivors (10240K)
 Metaspace       used 101316K, capacity 103556K, committed 103804K, reserved 1140736K
  class space    used 12671K, capacity 13485K, committed 13568K, reserved 1048576K
}
Event: 31.853 GC heap before
{Heap before GC invocations=34 (full 0):
 garbage-first heap   total 225280K, used 120110K [0x0000000080000000, 0x0000000100000000)
  region size 1024K, 11 young (11264K), 10 survivors (10240K)
 Metaspace       used 101316K, capacity 103556K, committed 103804K, reserved 1140736K
  class space    used 12671K, capacity 13485K, committed 13568K, reserved 1048576K
}
Event: 31.865 GC heap after
{Heap after GC invocations=35 (full 0):
 garbage-first heap   total 225280K, used 107611K [0x0000000080000000, 0x0000000100000000)
  region size 1024K, 1 young (1024K), 1 survivors (1024K)
 Metaspace       used 101316K, capacity 103556K, committed 103804K, reserved 1140736K
  class space    used 12671K, capacity 13485K, committed 13568K, reserved 1048576K
}
Event: 33.171 GC heap before
{Heap before GC invocations=35 (full 0):
 garbage-first heap   total 225280K, used 173147K [0x0000000080000000, 0x0000000100000000)
  region size 1024K, 66 young (67584K), 1 survivors (1024K)
 Metaspace       used 104115K, capacity 106489K, committed 106620K, reserved 1142784K
  class space    used 13061K, capacity 13954K, committed 14080K, reserved 1048576K
}
Event: 33.225 GC heap after
{Heap after GC invocations=36 (full 0):
 garbage-first heap   total 225280K, used 120145K [0x0000000080000000, 0x0000000100000000)
  region size 1024K, 9 young (9216K), 9 survivors (9216K)
 Metaspace       used 104115K, capacity 106489K, committed 106620K, reserved 1142784K
  class space    used 13061K, capacity 13954K, committed 14080K, reserved 1048576K
}
Event: 33.811 GC heap before
{Heap before GC invocations=37 (full 0):
 garbage-first heap   total 225280K, used 176465K [0x0000000080000000, 0x0000000100000000)
  region size 1024K, 64 young (65536K), 9 survivors (9216K)
 Metaspace       used 104750K, capacity 107130K, committed 107388K, reserved 1142784K
  class space    used 13135K, capacity 14018K, committed 14080K, reserved 1048576K
}
Event: 33.964 GC heap after
{Heap after GC invocations=38 (full 0):
 garbage-first heap   total 225280K, used 132205K [0x0000000080000000, 0x0000000100000000)
  region size 1024K, 8 young (8192K), 8 survivors (8192K)
 Metaspace       used 104750K, capacity 107130K, committed 107388K, reserved 1142784K
  class space    used 13135K, capacity 14018K, committed 14080K, reserved 1048576K
}
Event: 33.976 GC heap before
{Heap before GC invocations=38 (full 0):
 garbage-first heap   total 225280K, used 135277K [0x0000000080000000, 0x0000000100000000)
  region size 1024K, 11 young (11264K), 8 survivors (8192K)
 Metaspace       used 104760K, capacity 107130K, committed 107388K, reserved 1142784K
  class space    used 13136K, capacity 14018K, committed 14080K, reserved 1048576K
}
Event: 33.998 GC heap after
{Heap after GC invocations=39 (full 0):
 garbage-first heap   total 225280K, used 130182K [0x0000000080000000, 0x0000000100000000)
  region size 1024K, 2 young (2048K), 2 survivors (2048K)
 Metaspace       used 104760K, capacity 107130K, committed 107388K, reserved 1142784K
  class space    used 13136K, capacity 14018K, committed 14080K, reserved 1048576K
}
Event: 34.333 GC heap before
{Heap before GC invocations=39 (full 0):
 garbage-first heap   total 225280K, used 177286K [0x0000000080000000, 0x0000000100000000)
  region size 1024K, 49 young (50176K), 2 survivors (2048K)
 Metaspace       used 105966K, capacity 108465K, committed 108668K, reserved 1144832K
  class space    used 13331K, capacity 14285K, committed 14336K, reserved 1048576K
}
Event: 34.351 GC heap after
{Heap after GC invocations=40 (full 0):
 garbage-first heap   total 225280K, used 138470K [0x0000000080000000, 0x0000000100000000)
  region size 1024K, 7 young (7168K), 7 survivors (7168K)
 Metaspace       used 105966K, capacity 108465K, committed 108668K, reserved 1144832K
  class space    used 13331K, capacity 14285K, committed 14336K, reserved 1048576K
}
Event: 35.092 GC heap before
{Heap before GC invocations=41 (full 0):
 garbage-first heap   total 225280K, used 181478K [0x0000000080000000, 0x0000000100000000)
  region size 1024K, 49 young (50176K), 7 survivors (7168K)
 Metaspace       used 106494K, capacity 108945K, committed 109308K, reserved 1144832K
  class space    used 13433K, capacity 14376K, committed 14464K, reserved 1048576K
}
Event: 35.118 GC heap after
{Heap after GC invocations=42 (full 0):
 garbage-first heap   total 225280K, used 146432K [0x0000000080000000, 0x0000000100000000)
  region size 1024K, 7 young (7168K), 7 survivors (7168K)
 Metaspace       used 106494K, capacity 108945K, committed 109308K, reserved 1144832K
  class space    used 13433K, capacity 14376K, committed 14464K, reserved 1048576K
}
Event: 35.138 GC heap before
{Heap before GC invocations=42 (full 0):
 garbage-first heap   total 225280K, used 150528K [0x0000000080000000, 0x0000000100000000)
  region size 1024K, 11 young (11264K), 7 survivors (7168K)
 Metaspace       used 106517K, capacity 108957K, committed 109308K, reserved 1144832K
  class space    used 13437K, capacity 14380K, committed 14464K, reserved 1048576K
}

