# JRE version: OpenJDK Runtime Environment (11.0.11+9) (build 11.0.11+9-b60-7590822)
# Java VM: OpenJDK 64-Bit Server VM (11.0.11+9-b60-7590822, mixed mode, tiered, compressed oops, g1 gc, windows-amd64)
Heap:
 garbage-first heap   total 381952K, used 205194K [0x0000000080000000, 0x0000000100000000)
  region size 1024K, 1 young (1024K), 1 survivors (1024K)
 Metaspace       used 151797K, capacity 156164K, committed 156324K, reserved 1185792K
  class space    used 18842K, capacity 20455K, committed 20556K, reserved 1048576K
GC Heap History (20 events):
Event: 125.907 GC heap after
{Heap after GC invocations=122 (full 0):
 garbage-first heap   total 230400K, used 190646K [0x0000000080000000, 0x0000000100000000)
  region size 1024K, 1 young (1024K), 1 survivors (1024K)
 Metaspace       used 151575K, capacity 155945K, committed 156068K, reserved 1185792K
  class space    used 18838K, capacity 20450K, committed 20556K, reserved 1048576K
}
Event: 126.116 GC heap before
{Heap before GC invocations=122 (full 0):
 garbage-first heap   total 230400K, used 199862K [0x0000000080000000, 0x0000000100000000)
  region size 1024K, 11 young (11264K), 1 survivors (1024K)
 Metaspace       used 151575K, capacity 155945K, committed 156068K, reserved 1185792K
  class space    used 18838K, capacity 20450K, committed 20556K, reserved 1048576K
}
Event: 126.119 GC heap after
{Heap after GC invocations=123 (full 0):
 garbage-first heap   total 230400K, used 190679K [0x0000000080000000, 0x0000000100000000)
  region size 1024K, 1 young (1024K), 1 survivors (1024K)
 Metaspace       used 151575K, capacity 155945K, committed 156068K, reserved 1185792K
  class space    used 18838K, capacity 20450K, committed 20556K, reserved 1048576K
}
Event: 126.224 GC heap before
{Heap before GC invocations=123 (full 0):
 garbage-first heap   total 230400K, used 200919K [0x0000000080000000, 0x0000000100000000)
  region size 1024K, 11 young (11264K), 1 survivors (1024K)
 Metaspace       used 151576K, capacity 155945K, committed 156068K, reserved 1185792K
  class space    used 18838K, capacity 20450K, committed 20556K, reserved 1048576K
}
Event: 126.228 GC heap after
{Heap after GC invocations=124 (full 0):
 garbage-first heap   total 230400K, used 190659K [0x0000000080000000, 0x0000000100000000)
  region size 1024K, 1 young (1024K), 1 survivors (1024K)
 Metaspace       used 151576K, capacity 155945K, committed 156068K, reserved 1185792K
  class space    used 18838K, capacity 20450K, committed 20556K, reserved 1048576K
}
Event: 126.291 GC heap before
{Heap before GC invocations=124 (full 0):
 garbage-first heap   total 230400K, used 200899K [0x0000000080000000, 0x0000000100000000)
  region size 1024K, 11 young (11264K), 1 survivors (1024K)
 Metaspace       used 151576K, capacity 155945K, committed 156068K, reserved 1185792K
  class space    used 18838K, capacity 20450K, committed 20556K, reserved 1048576K
}
Event: 126.293 GC heap after
{Heap after GC invocations=125 (full 0):
 garbage-first heap   total 230400K, used 190664K [0x0000000080000000, 0x0000000100000000)
  region size 1024K, 1 young (1024K), 1 survivors (1024K)
 Metaspace       used 151576K, capacity 155945K, committed 156068K, reserved 1185792K
  class space    used 18838K, capacity 20450K, committed 20556K, reserved 1048576K
}
Event: 126.345 GC heap before
{Heap before GC invocations=125 (full 0):
 garbage-first heap   total 230400K, used 200904K [0x0000000080000000, 0x0000000100000000)
  region size 1024K, 11 young (11264K), 1 survivors (1024K)
 Metaspace       used 151576K, capacity 155945K, committed 156068K, reserved 1185792K
  class space    used 18838K, capacity 20450K, committed 20556K, reserved 1048576K
}
Event: 126.349 GC heap after
{Heap after GC invocations=126 (full 0):
 garbage-first heap   total 230400K, used 190644K [0x0000000080000000, 0x0000000100000000)
  region size 1024K, 1 young (1024K), 1 survivors (1024K)
 Metaspace       used 151576K, capacity 155945K, committed 156068K, reserved 1185792K
  class space    used 18838K, capacity 20450K, committed 20556K, reserved 1048576K
}
Event: 126.557 GC heap before
{Heap before GC invocations=127 (full 0):
 garbage-first heap   total 230400K, used 200884K [0x0000000080000000, 0x0000000100000000)
  region size 1024K, 11 young (11264K), 1 survivors (1024K)
 Metaspace       used 151591K, capacity 155945K, committed 156068K, reserved 1185792K
  class space    used 18838K, capacity 20450K, committed 20556K, reserved 1048576K
}
Event: 126.563 GC heap after
{Heap after GC invocations=128 (full 0):
 garbage-first heap   total 230400K, used 194010K [0x0000000080000000, 0x0000000100000000)
  region size 1024K, 2 young (2048K), 2 survivors (2048K)
 Metaspace       used 151591K, capacity 155945K, committed 156068K, reserved 1185792K
  class space    used 18838K, capacity 20450K, committed 20556K, reserved 1048576K
}
Event: 126.796 GC heap before
{Heap before GC invocations=128 (full 0):
 garbage-first heap   total 230400K, used 217562K [0x0000000080000000, 0x0000000100000000)
  region size 1024K, 11 young (11264K), 2 survivors (2048K)
 Metaspace       used 151640K, capacity 156009K, committed 156324K, reserved 1185792K
  class space    used 18838K, capacity 20450K, committed 20556K, reserved 1048576K
}
Event: 126.811 GC heap after
{Heap after GC invocations=129 (full 0):
 garbage-first heap   total 277504K, used 195296K [0x0000000080000000, 0x0000000100000000)
  region size 1024K, 2 young (2048K), 2 survivors (2048K)
 Metaspace       used 151640K, capacity 156009K, committed 156324K, reserved 1185792K
  class space    used 18838K, capacity 20450K, committed 20556K, reserved 1048576K
}
Event: 127.120 GC heap before
{Heap before GC invocations=129 (full 0):
 garbage-first heap   total 277504K, used 219872K [0x0000000080000000, 0x0000000100000000)
  region size 1024K, 26 young (26624K), 2 survivors (2048K)
 Metaspace       used 151678K, capacity 156080K, committed 156324K, reserved 1185792K
  class space    used 18839K, capacity 20451K, committed 20556K, reserved 1048576K
}
Event: 127.126 GC heap after
{Heap after GC invocations=130 (full 0):
 garbage-first heap   total 277504K, used 199269K [0x0000000080000000, 0x0000000100000000)
  region size 1024K, 4 young (4096K), 4 survivors (4096K)
 Metaspace       used 151678K, capacity 156080K, committed 156324K, reserved 1185792K
  class space    used 18839K, capacity 20451K, committed 20556K, reserved 1048576K
}
Event: 127.452 GC heap before
{Heap before GC invocations=130 (full 0):
 garbage-first heap   total 277504K, used 223845K [0x0000000080000000, 0x0000000100000000)
  region size 1024K, 28 young (28672K), 4 survivors (4096K)
 Metaspace       used 151706K, capacity 156087K, committed 156324K, reserved 1185792K
  class space    used 18841K, capacity 20453K, committed 20556K, reserved 1048576K
}
Event: 127.460 GC heap after
{Heap after GC invocations=131 (full 0):
 garbage-first heap   total 277504K, used 202629K [0x0000000080000000, 0x0000000100000000)
  region size 1024K, 4 young (4096K), 4 survivors (4096K)
 Metaspace       used 151706K, capacity 156087K, committed 156324K, reserved 1185792K
  class space    used 18841K, capacity 20453K, committed 20556K, reserved 1048576K
}
Event: 127.623 GC heap before
{Heap before GC invocations=131 (full 0):
 garbage-first heap   total 277504K, used 226181K [0x0000000080000000, 0x0000000100000000)
  region size 1024K, 27 young (27648K), 4 survivors (4096K)
 Metaspace       used 151726K, capacity 156151K, committed 156324K, reserved 1185792K
  class space    used 18841K, capacity 20453K, committed 20556K, reserved 1048576K
}
Event: 127.635 GC heap after
{Heap after GC invocations=132 (full 0):
 garbage-first heap   total 277504K, used 208277K [0x0000000080000000, 0x0000000100000000)
  region size 1024K, 4 young (4096K), 4 survivors (4096K)
 Metaspace       used 151726K, capacity 156151K, committed 156324K, reserved 1185792K
  class space    used 18841K, capacity 20453K, committed 20556K, reserved 1048576K
}
Event: 128.115 GC heap before
{Heap before GC invocations=132 (full 0):
 garbage-first heap   total 277504K, used 229781K [0x0000000080000000, 0x0000000100000000)
  region size 1024K, 25 young (25600K), 4 survivors (4096K)
 Metaspace       used 151797K, capacity 156164K, committed 156324K, reserved 1185792K
  class space    used 18842K, capacity 20455K, committed 20556K, reserved 1048576K
}

